TN:
SF:src/app.ts
FNF:0
FNH:0
DA:8,1
DA:9,1
DA:10,1
DA:12,1
DA:14,1
DA:15,1
DA:18,1
LF:7
LH:7
BRDA:14,0,0,1
BRF:1
BRH:1
end_of_record
TN:
SF:src/database.ts
FNF:0
FNH:0
DA:3,2
DA:4,2
LF:2
LH:2
BRF:0
BRH:0
end_of_record
TN:
SF:src/controllers/e2eTestsController.ts
FN:4,reset
FNF:1
FNH:1
FNDA:1,reset
DA:5,1
DA:6,1
LF:2
LH:2
BRF:0
BRH:0
end_of_record
TN:
SF:src/controllers/recommendationController.ts
FN:6,insert
FN:17,upvote
FN:25,downvote
FN:33,random
FN:39,get
FN:44,getTop
FN:51,getById
FNF:7
FNH:7
FNDA:2,insert
FNDA:1,upvote
FNDA:2,downvote
FNDA:2,random
FNDA:1,get
FNDA:2,getTop
FNDA:1,getById
DA:7,2
DA:8,2
DA:9,1
DA:12,1
DA:14,1
DA:18,1
DA:20,1
DA:22,1
DA:26,2
DA:28,2
DA:30,2
DA:34,2
DA:36,1
DA:40,1
DA:41,1
DA:45,2
DA:47,2
DA:48,2
DA:52,1
DA:54,1
DA:55,1
DA:58,1
LF:22
LH:22
BRDA:8,0,0,1
BRF:1
BRH:1
end_of_record
TN:
SF:src/middlewares/errorHandlerMiddleware.ts
FN:8,errorHandlerMiddleware
FNF:1
FNH:1
FNDA:2,errorHandlerMiddleware
DA:14,2
DA:16,2
DA:17,2
DA:20,0
LF:4
LH:3
BRDA:16,0,0,2
BRF:1
BRH:1
end_of_record
TN:
SF:src/repositories/recommendationRepository.ts
FN:5,create
FN:16,findAll
FN:26,getAmountByScore
FN:33,getFindAllFilter
FN:45,find
FN:51,findByName
FN:57,updateScore
FN:66,remove
FN:72,truncate
FNF:9
FNH:9
FNDA:1,create
FNDA:4,findAll
FNDA:2,getAmountByScore
FNDA:4,getFindAllFilter
FNDA:4,find
FNDA:1,findByName
FNDA:3,updateScore
FNDA:1,remove
FNDA:1,truncate
DA:6,1
DA:17,4
DA:19,4
DA:27,2
DA:36,4
DA:38,2
DA:40,2
DA:46,4
DA:52,1
DA:58,3
DA:67,1
DA:73,1
DA:76,2
LF:13
LH:13
BRDA:36,0,0,2
BRF:1
BRH:1
end_of_record
TN:
SF:src/routers/e2eTestsRouter.ts
FNF:0
FNH:0
DA:4,1
DA:5,1
LF:2
LH:2
BRF:0
BRH:0
end_of_record
TN:
SF:src/routers/recommendationRouter.ts
FNF:0
FNH:0
DA:4,1
DA:6,1
DA:7,1
DA:8,1
DA:9,1
DA:10,1
DA:11,1
DA:12,1
LF:8
LH:8
BRF:0
BRH:0
end_of_record
TN:
SF:src/schemas/recommendationsSchemas.ts
FNF:0
FNH:0
DA:4,1
DA:6,1
LF:2
LH:2
BRF:0
BRH:0
end_of_record
TN:
SF:src/services/recommendationsService.ts
FN:7,insert
FN:17,upvote
FN:23,downvote
FN:36,getByIdOrFail
FN:43,get
FN:47,getTop
FN:51,getRandom
FN:64,getByScore
FN:77,getScoreFilter
FN:85,truncate
FNF:10
FNH:10
FNDA:3,insert
FNDA:3,upvote
FNDA:5,downvote
FNDA:9,getByIdOrFail
FNDA:2,get
FNDA:3,getTop
FNDA:5,getRandom
FNDA:5,getByScore
FNDA:5,getScoreFilter
FNDA:2,truncate
DA:8,3
DA:11,3
DA:12,1
DA:14,2
DA:18,3
DA:20,2
DA:24,5
DA:26,4
DA:31,4
DA:32,2
DA:37,9
DA:38,9
DA:40,7
DA:44,2
DA:48,3
DA:52,5
DA:53,5
DA:55,5
DA:56,5
DA:57,2
DA:60,3
DA:61,3
DA:65,5
DA:70,5
DA:71,3
DA:74,2
DA:78,5
DA:79,3
DA:82,2
DA:86,2
DA:89,2
LF:31
LH:31
BRDA:11,0,0,1
BRDA:31,1,0,2
BRDA:38,2,0,2
BRDA:56,3,0,2
BRDA:70,4,0,3
BRDA:78,5,0,3
BRF:6
BRH:6
end_of_record
TN:
SF:src/utils/errorUtils.ts
FN:7,isAppError
FN:11,errorTypeToStatusCode
FN:19,conflictError
FN:23,notFoundError
FN:27,unauthorizedError
FN:31,wrongSchemaError
FNF:6
FNH:5
FNDA:2,isAppError
FNDA:2,errorTypeToStatusCode
FNDA:1,conflictError
FNDA:4,notFoundError
FNDA:0,unauthorizedError
FNDA:1,wrongSchemaError
DA:8,2
DA:12,2
DA:13,2
DA:14,1
DA:15,1
DA:16,0
DA:20,1
DA:24,4
DA:28,0
DA:32,1
LF:10
LH:8
BRDA:12,0,0,0
BRDA:13,1,0,1
BRDA:14,2,0,0
BRDA:15,3,0,1
BRDA:20,4,0,1
BRDA:20,4,1,0
BRDA:20,5,0,1
BRDA:20,5,1,1
BRDA:24,6,0,0
BRDA:24,6,1,4
BRDA:24,7,0,4
BRDA:24,7,1,4
BRDA:28,8,0,0
BRDA:28,8,1,0
BRDA:28,9,0,0
BRDA:28,9,1,0
BRDA:32,10,0,0
BRDA:32,10,1,1
BRDA:32,11,0,1
BRDA:32,11,1,1
BRF:20
BRH:11
end_of_record
TN:
SF:tests/factories/recommendationFactory.ts
FN:4,create
FN:20,createRandom
FN:36,createRandomBody
FNF:3
FNH:3
FNDA:5,create
FNDA:5,createRandom
FNDA:6,createRandomBody
DA:5,5
DA:10,5
DA:17,5
DA:21,5
DA:22,30
DA:27,30
DA:37,6
LF:7
LH:7
BRDA:4,0,0,4
BRDA:20,1,0,0
BRDA:20,2,0,1
BRF:3
BRH:2
end_of_record
